<?xml version="1.0" encoding="UTF-8"?>
<!-- Generated by org.testng.reporters.JUnitReportReporter -->
<testsuite hostname="QT-INBG-LT0322" failures="0" tests="2" name="TestRunner.TestRunner" time="13.928" errors="0" timestamp="2023-03-09T12:22:29 IST" skipped="0">
  <testcase classname="TestRunner.TestRunner" name="runScenario" time="8.918"/>
  <system-out/>
  <testcase classname="TestRunner.TestRunner" name="runScenario" time="5.010"/>
  <system-out/>
</testsuite> <!-- TestRunner.TestRunner -->
